<?xml version="1.0" encoding="UTF-8"?>
<TestRun id="6d488b3e-027d-4426-9f10-53c3565f8b9e" name="Giang@GIANGHHTSE60894 2013-06-17 20:28:48" runUser="GIANGHHTSE60894\Giang" xmlns="http://microsoft.com/schemas/VisualStudio/TeamTest/2010">
  <TestSettings name="Local" id="0d9a15f0-ff93-4e20-be0b-0405bb767491">
    <Description>These are default test settings for a local test run.</Description>
    <Deployment enabled="false" runDeploymentRoot="Giang_GIANGHHTSE60894 2013-06-17 20_28_48">
      <DeploymentItem filename="F:\FPT\Semester 4\C# &amp; Dot Net\project-kho-sach\CocBook\DataAccessLayer.cs\bin\Debug\DataAccessLayer.cs.dll" />
    </Deployment>
    <Execution>
      <TestTypeSpecific />
      <AgentRule name="Execution Agents">
      </AgentRule>
    </Execution>
  </TestSettings>
  <Times creation="2013-06-17T20:28:48.4762220+07:00" queuing="2013-06-17T20:28:48.5122460+07:00" start="2013-06-17T20:28:48.5462691+07:00" finish="2013-06-17T20:28:49.6574017+07:00" />
  <ResultSummary outcome="Failed">
    <Counters total="1" executed="1" error="0" failed="1" timeout="0" aborted="0" inconclusive="0" passedButRunAborted="0" notRunnable="0" notExecuted="0" disconnected="0" warning="0" passed="0" completed="0" inProgress="0" pending="0" />
  </ResultSummary>
  <TestDefinitions>
    <UnitTest name="CreatePulisherTest" storage="f:\fpt\semester 4\c# &amp; dot net\project-kho-sach\cocbook\testproject1\bin\debug\testproject1.dll" id="29aec3e9-7ebc-fd77-fff0-d960863e2a23">
      <Execution id="f98fc217-587b-4636-abfe-cbf887c053c2" />
      <TestMethod codeBase="F:/FPT/Semester 4/C# &amp; Dot Net/project-kho-sach/CocBook/TestProject1/bin/Debug/TestProject1.DLL" adapterTypeName="Microsoft.VisualStudio.TestTools.TestTypes.Unit.UnitTestAdapter, Microsoft.VisualStudio.QualityTools.Tips.UnitTest.Adapter, Version=10.0.0.0, Culture=neutral, PublicKeyToken=b03f5f7f11d50a3a" className="TestProject1.PublisherDALTest, TestProject1, Version=1.0.0.0, Culture=neutral, PublicKeyToken=null" name="CreatePulisherTest" />
    </UnitTest>
  </TestDefinitions>
  <TestLists>
    <TestList name="Results Not in a List" id="8c84fa94-04c1-424b-9868-57a2d4851a1d" />
    <TestList name="All Loaded Results" id="19431567-8539-422a-85d7-44ee4e166bda" />
  </TestLists>
  <TestEntries>
    <TestEntry testId="29aec3e9-7ebc-fd77-fff0-d960863e2a23" executionId="f98fc217-587b-4636-abfe-cbf887c053c2" testListId="8c84fa94-04c1-424b-9868-57a2d4851a1d" />
  </TestEntries>
  <Results>
    <UnitTestResult executionId="f98fc217-587b-4636-abfe-cbf887c053c2" testId="29aec3e9-7ebc-fd77-fff0-d960863e2a23" testName="CreatePulisherTest" computerName="GIANGHHTSE60894" duration="00:00:00.2067223" startTime="2013-06-17T20:28:48.5642798+07:00" endTime="2013-06-17T20:28:49.4358609+07:00" testType="13cdc9d9-ddb5-4fa4-a97d-d965ccfc6d4b" outcome="Failed" testListId="8c84fa94-04c1-424b-9868-57a2d4851a1d" relativeResultsDirectory="f98fc217-587b-4636-abfe-cbf887c053c2">
      <Output>
        <ErrorInfo>
          <Message>Assert.AreEqual failed. Expected:&lt;True&gt;. Actual:&lt;False&gt;. </Message>
          <StackTrace>   at TestProject1.PublisherDALTest.CreatePulisherTest() in F:\FPT\Semester 4\C# &amp; Dot Net\project-kho-sach\CocBook\TestProject1\PublisherDALTest.cs:line 92
</StackTrace>
        </ErrorInfo>
      </Output>
    </UnitTestResult>
  </Results>
</TestRun>