<?xml version="1.0" encoding="UTF-8"?>
<TestRun id="4002078e-2e8c-4928-9882-4dcc948fbac0" name="Robe Hoai@ROBE 2013-06-18 00:11:32" runUser="ROBE\Robe Hoai" xmlns="http://microsoft.com/schemas/VisualStudio/TeamTest/2010">
  <TestSettings name="Local" id="0d9a15f0-ff93-4e20-be0b-0405bb767491">
    <Description>These are default test settings for a local test run.</Description>
    <Deployment enabled="false" runDeploymentRoot="Robe Hoai_ROBE 2013-06-18 00_11_32">
      <DeploymentItem filename="D:\project-kho-sach\CocBook\DataAccessLayer.cs\bin\Debug\DataAccessLayer.cs.dll" />
    </Deployment>
    <Execution>
      <TestTypeSpecific />
      <AgentRule name="Execution Agents">
      </AgentRule>
    </Execution>
  </TestSettings>
  <Times creation="2013-06-18T00:11:32.9972648+07:00" queuing="2013-06-18T00:11:33.0052724+07:00" start="2013-06-18T00:11:33.0783197+07:00" finish="2013-06-18T00:11:33.3765190+07:00" />
  <ResultSummary outcome="Inconclusive">
    <Counters total="6" executed="6" error="0" failed="0" timeout="0" aborted="0" inconclusive="6" passedButRunAborted="0" notRunnable="0" notExecuted="0" disconnected="0" warning="0" passed="0" completed="0" inProgress="0" pending="0" />
  </ResultSummary>
  <TestDefinitions>
    <UnitTest name="ValueTest" storage="d:\project-kho-sach\cocbook\testproject1\bin\debug\testproject1.dll" id="8fec3818-08b7-3e6b-37ed-7bd41275cc8d">
      <Execution id="696ce7fb-69d4-4ced-8c01-75a02601f0eb" />
      <TestMethod codeBase="D:/project-kho-sach/CocBook/TestProject1/bin/Debug/TestProject1.DLL" adapterTypeName="Microsoft.VisualStudio.TestTools.TestTypes.Unit.UnitTestAdapter, Microsoft.VisualStudio.QualityTools.Tips.UnitTest.Adapter, Version=10.0.0.0, Culture=neutral, PublicKeyToken=b03f5f7f11d50a3a" className="TestProject1.IEDetailTest, TestProject1, Version=1.0.0.0, Culture=neutral, PublicKeyToken=null" name="ValueTest" />
    </UnitTest>
    <UnitTest name="QuantityTest" storage="d:\project-kho-sach\cocbook\testproject1\bin\debug\testproject1.dll" id="9931719e-9732-fe7c-3917-5f7c1a6b5969">
      <Execution id="a5a3f4ad-78fa-4a54-92ed-7697e1f93455" />
      <TestMethod codeBase="D:/project-kho-sach/CocBook/TestProject1/bin/Debug/TestProject1.DLL" adapterTypeName="Microsoft.VisualStudio.TestTools.TestTypes.Unit.UnitTestAdapter, Microsoft.VisualStudio.QualityTools.Tips.UnitTest.Adapter, Version=10.0.0.0, Culture=neutral, PublicKeyToken=b03f5f7f11d50a3a" className="TestProject1.IEDetailTest, TestProject1, Version=1.0.0.0, Culture=neutral, PublicKeyToken=null" name="QuantityTest" />
    </UnitTest>
    <UnitTest name="CheckNoTest" storage="d:\project-kho-sach\cocbook\testproject1\bin\debug\testproject1.dll" id="01b03594-c587-a245-62a8-ffafe5a14169">
      <Execution id="705c2a6e-d576-4caa-83ae-49c376ee5127" />
      <TestMethod codeBase="D:/project-kho-sach/CocBook/TestProject1/bin/Debug/TestProject1.DLL" adapterTypeName="Microsoft.VisualStudio.TestTools.TestTypes.Unit.UnitTestAdapter, Microsoft.VisualStudio.QualityTools.Tips.UnitTest.Adapter, Version=10.0.0.0, Culture=neutral, PublicKeyToken=b03f5f7f11d50a3a" className="TestProject1.IEDetailTest, TestProject1, Version=1.0.0.0, Culture=neutral, PublicKeyToken=null" name="CheckNoTest" />
    </UnitTest>
    <UnitTest name="DiscountTest" storage="d:\project-kho-sach\cocbook\testproject1\bin\debug\testproject1.dll" id="b5528c67-854c-b549-d1e2-6e39ceb6c6aa">
      <Execution id="b32c88ec-cb04-42bc-8489-47d31824d97e" />
      <TestMethod codeBase="D:/project-kho-sach/CocBook/TestProject1/bin/Debug/TestProject1.DLL" adapterTypeName="Microsoft.VisualStudio.TestTools.TestTypes.Unit.UnitTestAdapter, Microsoft.VisualStudio.QualityTools.Tips.UnitTest.Adapter, Version=10.0.0.0, Culture=neutral, PublicKeyToken=b03f5f7f11d50a3a" className="TestProject1.IEDetailTest, TestProject1, Version=1.0.0.0, Culture=neutral, PublicKeyToken=null" name="DiscountTest" />
    </UnitTest>
    <UnitTest name="ISBNBookTest" storage="d:\project-kho-sach\cocbook\testproject1\bin\debug\testproject1.dll" id="40a92832-8277-1964-5fab-457a7a00fc05">
      <Execution id="06f7ea37-e8f4-4398-a2cb-cbb21ddd1724" />
      <TestMethod codeBase="D:/project-kho-sach/CocBook/TestProject1/bin/Debug/TestProject1.DLL" adapterTypeName="Microsoft.VisualStudio.TestTools.TestTypes.Unit.UnitTestAdapter, Microsoft.VisualStudio.QualityTools.Tips.UnitTest.Adapter, Version=10.0.0.0, Culture=neutral, PublicKeyToken=b03f5f7f11d50a3a" className="TestProject1.IEDetailTest, TestProject1, Version=1.0.0.0, Culture=neutral, PublicKeyToken=null" name="ISBNBookTest" />
    </UnitTest>
    <UnitTest name="IEDetailConstructorTest" storage="d:\project-kho-sach\cocbook\testproject1\bin\debug\testproject1.dll" id="dcd1edf1-aa6d-bd15-348e-deaa8e144b6d">
      <Execution id="d024c8d4-dd61-4862-8bf1-73561b139348" />
      <TestMethod codeBase="D:/project-kho-sach/CocBook/TestProject1/bin/Debug/TestProject1.DLL" adapterTypeName="Microsoft.VisualStudio.TestTools.TestTypes.Unit.UnitTestAdapter, Microsoft.VisualStudio.QualityTools.Tips.UnitTest.Adapter, Version=10.0.0.0, Culture=neutral, PublicKeyToken=b03f5f7f11d50a3a" className="TestProject1.IEDetailTest, TestProject1, Version=1.0.0.0, Culture=neutral, PublicKeyToken=null" name="IEDetailConstructorTest" />
    </UnitTest>
  </TestDefinitions>
  <TestLists>
    <TestList name="Results Not in a List" id="8c84fa94-04c1-424b-9868-57a2d4851a1d" />
    <TestList name="All Loaded Results" id="19431567-8539-422a-85d7-44ee4e166bda" />
  </TestLists>
  <TestEntries>
    <TestEntry testId="01b03594-c587-a245-62a8-ffafe5a14169" executionId="705c2a6e-d576-4caa-83ae-49c376ee5127" testListId="8c84fa94-04c1-424b-9868-57a2d4851a1d" />
    <TestEntry testId="40a92832-8277-1964-5fab-457a7a00fc05" executionId="06f7ea37-e8f4-4398-a2cb-cbb21ddd1724" testListId="8c84fa94-04c1-424b-9868-57a2d4851a1d" />
    <TestEntry testId="8fec3818-08b7-3e6b-37ed-7bd41275cc8d" executionId="696ce7fb-69d4-4ced-8c01-75a02601f0eb" testListId="8c84fa94-04c1-424b-9868-57a2d4851a1d" />
    <TestEntry testId="9931719e-9732-fe7c-3917-5f7c1a6b5969" executionId="a5a3f4ad-78fa-4a54-92ed-7697e1f93455" testListId="8c84fa94-04c1-424b-9868-57a2d4851a1d" />
    <TestEntry testId="b5528c67-854c-b549-d1e2-6e39ceb6c6aa" executionId="b32c88ec-cb04-42bc-8489-47d31824d97e" testListId="8c84fa94-04c1-424b-9868-57a2d4851a1d" />
    <TestEntry testId="dcd1edf1-aa6d-bd15-348e-deaa8e144b6d" executionId="d024c8d4-dd61-4862-8bf1-73561b139348" testListId="8c84fa94-04c1-424b-9868-57a2d4851a1d" />
  </TestEntries>
  <Results>
    <UnitTestResult executionId="705c2a6e-d576-4caa-83ae-49c376ee5127" testId="01b03594-c587-a245-62a8-ffafe5a14169" testName="CheckNoTest" computerName="ROBE" duration="00:00:00.0229357" startTime="2013-06-18T00:11:33.0953308+07:00" endTime="2013-06-18T00:11:33.3194865+07:00" testType="13cdc9d9-ddb5-4fa4-a97d-d965ccfc6d4b" outcome="Inconclusive" testListId="8c84fa94-04c1-424b-9868-57a2d4851a1d" relativeResultsDirectory="705c2a6e-d576-4caa-83ae-49c376ee5127">
      <Output>
        <ErrorInfo>
          <Message>Assert.Inconclusive failed. Verify the correctness of this test method.</Message>
          <StackTrace>   at TestProject1.IEDetailTest.CheckNoTest() in D:\project-kho-sach\CocBook\TestProject1\IEDetailTest.cs:line 89
</StackTrace>
        </ErrorInfo>
      </Output>
    </UnitTestResult>
    <UnitTestResult executionId="06f7ea37-e8f4-4398-a2cb-cbb21ddd1724" testId="40a92832-8277-1964-5fab-457a7a00fc05" testName="ISBNBookTest" computerName="ROBE" duration="00:00:00.0011709" startTime="2013-06-18T00:11:33.3224883+07:00" endTime="2013-06-18T00:11:33.3274878+07:00" testType="13cdc9d9-ddb5-4fa4-a97d-d965ccfc6d4b" outcome="Inconclusive" testListId="8c84fa94-04c1-424b-9868-57a2d4851a1d" relativeResultsDirectory="06f7ea37-e8f4-4398-a2cb-cbb21ddd1724">
      <Output>
        <ErrorInfo>
          <Message>Assert.Inconclusive failed. Verify the correctness of this test method.</Message>
          <StackTrace>   at TestProject1.IEDetailTest.ISBNBookTest() in D:\project-kho-sach\CocBook\TestProject1\IEDetailTest.cs:line 119
</StackTrace>
        </ErrorInfo>
      </Output>
    </UnitTestResult>
    <UnitTestResult executionId="696ce7fb-69d4-4ced-8c01-75a02601f0eb" testId="8fec3818-08b7-3e6b-37ed-7bd41275cc8d" testName="ValueTest" computerName="ROBE" duration="00:00:00.0010004" startTime="2013-06-18T00:11:33.3304896+07:00" endTime="2013-06-18T00:11:33.3354936+07:00" testType="13cdc9d9-ddb5-4fa4-a97d-d965ccfc6d4b" outcome="Inconclusive" testListId="8c84fa94-04c1-424b-9868-57a2d4851a1d" relativeResultsDirectory="696ce7fb-69d4-4ced-8c01-75a02601f0eb">
      <Output>
        <ErrorInfo>
          <Message>Assert.Inconclusive failed. Verify the correctness of this test method.</Message>
          <StackTrace>   at TestProject1.IEDetailTest.ValueTest() in D:\project-kho-sach\CocBook\TestProject1\IEDetailTest.cs:line 149
</StackTrace>
        </ErrorInfo>
      </Output>
    </UnitTestResult>
    <UnitTestResult executionId="a5a3f4ad-78fa-4a54-92ed-7697e1f93455" testId="9931719e-9732-fe7c-3917-5f7c1a6b5969" testName="QuantityTest" computerName="ROBE" duration="00:00:00.0009348" startTime="2013-06-18T00:11:33.3384940+07:00" endTime="2013-06-18T00:11:33.3434972+07:00" testType="13cdc9d9-ddb5-4fa4-a97d-d965ccfc6d4b" outcome="Inconclusive" testListId="8c84fa94-04c1-424b-9868-57a2d4851a1d" relativeResultsDirectory="a5a3f4ad-78fa-4a54-92ed-7697e1f93455">
      <Output>
        <ErrorInfo>
          <Message>Assert.Inconclusive failed. Verify the correctness of this test method.</Message>
          <StackTrace>   at TestProject1.IEDetailTest.QuantityTest() in D:\project-kho-sach\CocBook\TestProject1\IEDetailTest.cs:line 134
</StackTrace>
        </ErrorInfo>
      </Output>
    </UnitTestResult>
    <UnitTestResult executionId="b32c88ec-cb04-42bc-8489-47d31824d97e" testId="b5528c67-854c-b549-d1e2-6e39ceb6c6aa" testName="DiscountTest" computerName="ROBE" duration="00:00:00.0010914" startTime="2013-06-18T00:11:33.3464990+07:00" endTime="2013-06-18T00:11:33.3525047+07:00" testType="13cdc9d9-ddb5-4fa4-a97d-d965ccfc6d4b" outcome="Inconclusive" testListId="8c84fa94-04c1-424b-9868-57a2d4851a1d" relativeResultsDirectory="b32c88ec-cb04-42bc-8489-47d31824d97e">
      <Output>
        <ErrorInfo>
          <Message>Assert.Inconclusive failed. Verify the correctness of this test method.</Message>
          <StackTrace>   at TestProject1.IEDetailTest.DiscountTest() in D:\project-kho-sach\CocBook\TestProject1\IEDetailTest.cs:line 104
</StackTrace>
        </ErrorInfo>
      </Output>
    </UnitTestResult>
    <UnitTestResult executionId="d024c8d4-dd61-4862-8bf1-73561b139348" testId="dcd1edf1-aa6d-bd15-348e-deaa8e144b6d" testName="IEDetailConstructorTest" computerName="ROBE" duration="00:00:00.0008188" startTime="2013-06-18T00:11:33.3555047+07:00" endTime="2013-06-18T00:11:33.3615088+07:00" testType="13cdc9d9-ddb5-4fa4-a97d-d965ccfc6d4b" outcome="Inconclusive" testListId="8c84fa94-04c1-424b-9868-57a2d4851a1d" relativeResultsDirectory="d024c8d4-dd61-4862-8bf1-73561b139348">
      <Output>
        <ErrorInfo>
          <Message>Assert.Inconclusive failed. TODO: Implement code to verify target</Message>
          <StackTrace>   at TestProject1.IEDetailTest.IEDetailConstructorTest() in D:\project-kho-sach\CocBook\TestProject1\IEDetailTest.cs:line 74
</StackTrace>
        </ErrorInfo>
      </Output>
    </UnitTestResult>
  </Results>
</TestRun>